<?xml version="1.0" encoding="utf-8"?><testsuites name="pytest tests"><testsuite name="pytest" errors="0" failures="0" skipped="0" tests="10" time="30.275" timestamp="2026-03-17T08:31:19.695324+00:00" hostname="agent-env-993fc944-2145-463a-9663-8fc5fa545ebc"><testcase classname="backend.tests.test_new_features.TestChatAPI" name="test_chat_basic_question" time="3.573" /><testcase classname="backend.tests.test_new_features.TestChatAPI" name="test_chat_with_conversation_history" time="4.780" /><testcase classname="backend.tests.test_new_features.TestChatAPI" name="test_chat_empty_message" time="7.878" /><testcase classname="backend.tests.test_new_features.TestInsightsAPI" name="test_insights_basic" time="7.024" /><testcase classname="backend.tests.test_new_features.TestInsightsAPI" name="test_insights_without_column" time="6.293" /><testcase classname="backend.tests.test_new_features.TestInsightsAPI" name="test_insights_invalid_dataset" time="0.127" /><testcase classname="backend.tests.test_new_features.TestDatasetEndpoints" name="test_get_dataset" time="0.112" /><testcase classname="backend.tests.test_new_features.TestDatasetEndpoints" name="test_get_data_rows" time="0.099" /><testcase classname="backend.tests.test_new_features.TestAPIHealth" name="test_api_root" time="0.108" /><testcase classname="backend.tests.test_new_features.TestAPIHealth" name="test_datasets_list" time="0.104" /></testsuite></testsuites>